Wed Oct 31 2018 14:03:55 GMT+0800 (Malay Peninsula Standard Time): GET /about
Wed Oct 31 2018 14:05:22 GMT+0800 (Malay Peninsula Standard Time): GET /
Wed Oct 31 2018 14:16:21 GMT+0800 (Malay Peninsula Standard Time): GET /about
Wed Oct 31 2018 14:17:12 GMT+0800 (Malay Peninsula Standard Time): GET /about
Wed Oct 31 2018 14:20:39 GMT+0800 (Malay Peninsula Standard Time): GET /help.html
Wed Oct 31 2018 14:20:55 GMT+0800 (Malay Peninsula Standard Time): GET /help.html
Wed Oct 31 2018 14:21:19 GMT+0800 (Malay Peninsula Standard Time): GET /
Sat Nov 03 2018 12:46:58 GMT+0800 (Malay Peninsula Standard Time): GET /about
Sat Nov 03 2018 12:47:05 GMT+0800 (Malay Peninsula Standard Time): GET /
Sat Nov 03 2018 12:47:09 GMT+0800 (Malay Peninsula Standard Time): GET /
Sat Nov 03 2018 12:47:09 GMT+0800 (Malay Peninsula Standard Time): GET /favicon.ico
Sat Nov 03 2018 12:47:22 GMT+0800 (Malay Peninsula Standard Time): GET /projects
Sat Nov 03 2018 12:47:23 GMT+0800 (Malay Peninsula Standard Time): GET /about
Sat Nov 03 2018 12:47:23 GMT+0800 (Malay Peninsula Standard Time): GET /
Sat Nov 03 2018 12:47:25 GMT+0800 (Malay Peninsula Standard Time): GET /projects
Sat Nov 03 2018 12:47:26 GMT+0800 (Malay Peninsula Standard Time): GET /
Sat Nov 03 2018 12:47:39 GMT+0800 (Malay Peninsula Standard Time): GET /projects
Sat Nov 03 2018 12:48:07 GMT+0800 (Malay Peninsula Standard Time): GET /about
Sat Nov 03 2018 12:48:08 GMT+0800 (Malay Peninsula Standard Time): GET /
Sat Nov 03 2018 12:48:08 GMT+0800 (Malay Peninsula Standard Time): GET /about
Sat Nov 03 2018 12:48:09 GMT+0800 (Malay Peninsula Standard Time): GET /projects
Sat Nov 03 2018 12:48:10 GMT+0800 (Malay Peninsula Standard Time): GET /about
Sat Nov 03 2018 12:48:50 GMT+0800 (Malay Peninsula Standard Time): GET /about
Sat Nov 03 2018 12:48:50 GMT+0800 (Malay Peninsula Standard Time): GET /projects
Sat Nov 03 2018 12:48:51 GMT+0800 (Malay Peninsula Standard Time): GET /projects
Sat Nov 03 2018 12:49:06 GMT+0800 (Malay Peninsula Standard Time): GET /projects
